
> kenya-money-power@1.0.0 build
> next build

  ▲ Next.js 14.2.5

   Creating an optimized production build ...
 ✓ Compiled successfully
   Linting and checking validity of types ...
Failed to compile.

./app/admin/dashboard/page.tsx:37:28
Type error: Type '(FlattenMaps<ICategory> & { _id: ObjectId; })[]' is not assignable to type '{ _id: string; name: string; description: string; }[]'.
  Type 'FlattenMaps<ICategory> & { _id: ObjectId; }' is not assignable to type '{ _id: string; name: string; description: string; }'.
    Types of property 'description' are incompatible.
      Type 'string | undefined' is not assignable to type 'string'.
        Type 'undefined' is not assignable to type 'string'.

[0m [90m 35 |[39m             [33m<[39m[33mPostTable[39m posts[33m=[39m{posts} [33m/[39m[33m>[39m[0m
[0m [90m 36 |[39m           [33m<[39m[33m/[39m[33mdiv[39m[33m>[39m[0m
[0m[31m[1m>[22m[39m[90m 37 |[39m           [33m<[39m[33mCategoryManager[39m categories[33m=[39m{categories} [33m/[39m[33m>[39m[0m
[0m [90m    |[39m                            [31m[1m^[22m[39m[0m
[0m [90m 38 |[39m         [33m<[39m[33m/[39m[33mdiv[39m[33m>[39m[0m
[0m [90m 39 |[39m       [33m<[39m[33m/[39m[33mdiv[39m[33m>[39m[0m
[0m [90m 40 |[39m     [33m<[39m[33m/[39m[33mAdminShell[39m[33m>[39m[0m
